<?xml version="1.0" encoding="UTF-8"?>
<!-- Generated by org.testng.reporters.JUnitXMLReporter -->
<testsuite hostname="DESKTOP-R0AV90C" ignored="0" name="Edge Test" tests="1" failures="1" timestamp="29 Mar 2022 06:56:34 GMT" time="14.882" errors="0">
  <testcase name="policyBazaar" time="14.788" classname="org.testng.Executable">
    <failure type="java.lang.NullPointerException">
      <![CDATA[java.lang.NullPointerException
at org.helper.BaseClass.loadUrl(BaseClass.java:40)
at org.helper.BaseClass.policyHomeInsuranceCrossbrowser(BaseClass.java:280)
at java.util.concurrent.FutureTask.run(Unknown Source)
at java.util.concurrent.ThreadPoolExecutor.runWorker(Unknown Source)
at java.util.concurrent.ThreadPoolExecutor$Worker.run(Unknown Source)
at java.lang.Thread.run(Unknown Source)
... Removed 17 stack frames]]>
    </failure>
  </testcase> <!-- policyBazaar -->
</testsuite> <!-- Edge Test -->
